<?xml version="1.0" encoding="UTF-8"?>
<!-- Generated by org.testng.reporters.JUnitReportReporter -->
<testsuite skipped="0" hostname="LAPTOP-MJBTG76S" name="June.June.App" tests="1" failures="0" timestamp="06 Jun 2020 13:40:23 GMT" time="10.970" errors="0">
  <testcase name="openPage" time="10.970" classname="June.June.App"/>
</testsuite> <!-- June.June.App -->
