<?xml version="1.0" encoding="UTF-8"?>
<!-- Generated by org.testng.reporters.JUnitReportReporter -->
<testsuite skipped="0" hostname="LAPTOP-MJBTG76S" name="June.June.ParameterByDataprovider" tests="3" failures="0" timestamp="11 Jul 2020 11:35:16 GMT" time="9.545" errors="0">
  <testcase name="testMethod" time="3.170" classname="June.June.ParameterByDataprovider"/>
  <testcase name="testMethod" time="3.145" classname="June.June.ParameterByDataprovider"/>
  <testcase name="testMethod" time="3.230" classname="June.June.ParameterByDataprovider"/>
</testsuite> <!-- June.June.ParameterByDataprovider -->
