<?xml version="1.0" encoding="UTF-8"?>
<!-- Generated by org.testng.reporters.JUnitReportReporter -->
<testsuite skipped="0" hostname="LAPTOP-MJBTG76S" name="June.June.extendReportingConcept" tests="6" failures="0" timestamp="18 Jul 2020 12:13:15 GMT" time="2.394" errors="0">
  <testcase name="testOne" time="0.705" classname="June.June.extendReportingConcept"/>
  <testcase name="testTwo" time="1.446" classname="June.June.extendReportingConcept"/>
  <testcase name="testThree" time="0.074" classname="June.June.extendReportingConcept"/>
  <testcase name="testFour" time="0.056" classname="June.June.extendReportingConcept"/>
  <testcase name="testFive" time="0.108" classname="June.June.extendReportingConcept"/>
  <testcase name="testSix" time="0.005" classname="June.June.extendReportingConcept"/>
</testsuite> <!-- June.June.extendReportingConcept -->
