<?xml version="1.0" encoding="UTF-8"?>
<!-- Generated by org.testng.reporters.JUnitReportReporter -->
<testsuite skipped="0" hostname="LAPTOP-MJBTG76S" name="June.June.assertConcept" tests="6" failures="0" timestamp="14 Jul 2020 19:44:49 GMT" time="0.062" errors="0">
  <testcase name="verifyAssertConceptWithAssertEqual" time="0.018" classname="June.June.assertConcept"/>
  <testcase name="verifyAssertConceptWithAssertNoEqual" time="0.008" classname="June.June.assertConcept"/>
  <testcase name="verifyAssertConceptWithAssertTrue" time="0.012" classname="June.June.assertConcept"/>
  <testcase name="verifyAssertConceptWithAssertFalse" time="0.007" classname="June.June.assertConcept"/>
  <testcase name="verifyAssertConceptWithAssertNull" time="0.001" classname="June.June.assertConcept"/>
  <testcase name="verifyAssertConceptWithAssertNotNull" time="0.016" classname="June.June.assertConcept"/>
</testsuite> <!-- June.June.assertConcept -->
