<?xml version="1.0" encoding="UTF-8"?>
<!-- Generated by org.testng.reporters.JUnitReportReporter -->
<testsuite skipped="0" hostname="LAPTOP-MJBTG76S" name="June.June.FrameHandlingConcept" tests="1" failures="0" timestamp="12 Jul 2020 19:38:19 GMT" time="16.065" errors="0">
  <testcase name="frameHandling" time="16.065" classname="June.June.FrameHandlingConcept"/>
</testsuite> <!-- June.June.FrameHandlingConcept -->
