<?xml version="1.0" encoding="UTF-8"?>
<!-- Generated by org.testng.reporters.JUnitReportReporter -->
<testsuite skipped="0" hostname="LAPTOP-MJBTG76S" name="June.June.windowHandling" tests="1" failures="0" timestamp="14 Jul 2020 20:36:47 GMT" time="15.086" errors="0">
  <testcase name="windowHandling" time="15.086" classname="June.June.windowHandling"/>
</testsuite> <!-- June.June.windowHandling -->
