<?xml version="1.0" encoding="UTF-8"?>
<!-- Generated by org.testng.reporters.JUnitReportReporter -->
<testsuite skipped="0" hostname="LAPTOP-MJBTG76S" name="June.June.actionsClassConcept" tests="1" failures="0" timestamp="11 Jul 2020 13:51:29 GMT" time="13.869" errors="0">
  <testcase name="clickButton" time="13.869" classname="June.June.actionsClassConcept"/>
</testsuite> <!-- June.June.actionsClassConcept -->
