<?xml version="1.0" encoding="UTF-8"?>
<!-- Generated by org.testng.reporters.JUnitReportReporter -->
<testsuite skipped="0" hostname="LAPTOP-MJBTG76S" name="June.June.dataProviderConceptExample" tests="8" failures="0" timestamp="14 Jul 2020 20:30:38 GMT" time="0.023" errors="0">
  <testcase name="testMethod" time="0.002" classname="June.June.dataProviderConceptExample"/>
  <testcase name="testMethod" time="0.002" classname="June.June.dataProviderConceptExample"/>
  <testcase name="testMethod" time="0.010" classname="June.June.dataProviderConceptExample"/>
  <testcase name="testMethod" time="0.002" classname="June.June.dataProviderConceptExample"/>
  <testcase name="testMethod1" time="0.002" classname="June.June.dataProviderConceptExample"/>
  <testcase name="testMethod1" time="0.002" classname="June.June.dataProviderConceptExample"/>
  <testcase name="testMethod1" time="0.001" classname="June.June.dataProviderConceptExample"/>
  <testcase name="testMethod1" time="0.002" classname="June.June.dataProviderConceptExample"/>
</testsuite> <!-- June.June.dataProviderConceptExample -->
