<?xml version="1.0" encoding="UTF-8"?>
<!-- Generated by org.testng.reporters.JUnitReportReporter -->
<testsuite skipped="0" hostname="LAPTOP-MJBTG76S" name="June.June.testPractice" tests="1" failures="0" timestamp="09 Jun 2020 15:31:27 GMT" time="16.201" errors="0">
  <testcase name="handleWindow" time="16.201" classname="June.June.testPractice"/>
</testsuite> <!-- June.June.testPractice -->
