<?xml version="1.0" encoding="UTF-8"?>
<!-- Generated by org.testng.reporters.JUnitReportReporter -->
<testsuite skipped="0" hostname="LAPTOP-MJBTG76S" name="June.June.WindowHandlingByArraylistAndSet" tests="1" failures="0" timestamp="09 Jun 2020 15:33:00 GMT" time="13.775" errors="0">
  <testcase name="handleWindow" time="13.775" classname="June.June.WindowHandlingByArraylistAndSet"/>
</testsuite> <!-- June.June.WindowHandlingByArraylistAndSet -->
