<?xml version="1.0" encoding="UTF-8"?>
<!-- Generated by org.testng.reporters.JUnitReportReporter -->
<testsuite skipped="0" hostname="LAPTOP-MJBTG76S" name="June.June.PopupHandling" tests="1" failures="0" timestamp="06 Jun 2020 14:01:14 GMT" time="14.037" errors="0">
  <testcase name="popUpHandling" time="14.037" classname="June.June.PopupHandling"/>
</testsuite> <!-- June.June.PopupHandling -->
